<?xml version="1.0" encoding="UTF-8"?>
<!-- Generated by org.testng.reporters.JUnitReportReporter -->
<testsuite skipped="0" hostname="Yogesh-MSI" name="com.qa.tests.GetAPITest" tests="2" failures="0" timestamp="2021-07-28T21:51:41 IST" time="5.877" errors="0">
  <testcase name="getTestWithoutHeaders" time="5.039" classname="com.qa.tests.GetAPITest"/>
  <testcase name="getTestWithHeaders" time="0.838" classname="com.qa.tests.GetAPITest"/>
</testsuite> <!-- com.qa.tests.GetAPITest -->
